<?xml version="1.0" encoding="UTF-8"?>
<testng-results ignored="0" total="1" passed="1" failed="0" skipped="0">
  <reporter-output>
  </reporter-output>
  <suite started-at="2025-10-10T12:33:09 IST" name="AutomationSuite" finished-at="2025-10-10T12:33:21 IST" duration-ms="11417">
    <groups>
    </groups>
    <test started-at="2025-10-10T12:33:09 IST" name="LoginTestExecution" finished-at="2025-10-10T12:33:21 IST" duration-ms="11417">
      <class name="Tests.LoginTests">
        <test-method is-config="true" signature="setup()[pri:0, instance:Tests.LoginTests@62150f9e]" started-at="2025-10-10T12:33:09 IST" name="setup" finished-at="2025-10-10T12:33:14 IST" duration-ms="4832" status="PASS">
          <reporter-output>
          </reporter-output>
        </test-method> <!-- setup -->
        <test-method signature="loginTest()[pri:0, instance:Tests.LoginTests@62150f9e]" started-at="2025-10-10T12:33:14 IST" name="loginTest" finished-at="2025-10-10T12:33:20 IST" duration-ms="6222" status="PASS">
          <reporter-output>
          </reporter-output>
        </test-method> <!-- loginTest -->
        <test-method is-config="true" signature="tearDown()[pri:0, instance:Tests.LoginTests@62150f9e]" started-at="2025-10-10T12:33:20 IST" name="tearDown" finished-at="2025-10-10T12:33:21 IST" duration-ms="311" status="PASS">
          <reporter-output>
          </reporter-output>
        </test-method> <!-- tearDown -->
      </class> <!-- Tests.LoginTests -->
    </test> <!-- LoginTestExecution -->
  </suite> <!-- AutomationSuite -->
</testng-results>
